  glad.c
  cube.cpp
  glslprogram.cpp
  glutils.cpp
  objmesh.cpp
C:\Users\Morgan\Documents\GitHub\Comp3015-Cousework2\Project_Template\helper\objmesh.cpp(188,43): warning C4267: '+=': conversion from 'size_t' to 'int', possible loss of data
C:\Users\Morgan\Documents\GitHub\Comp3015-Cousework2\Project_Template\helper\objmesh.cpp(194,50): warning C4267: '+=': conversion from 'size_t' to 'int', possible loss of data
C:\Users\Morgan\Documents\GitHub\Comp3015-Cousework2\Project_Template\helper\objmesh.cpp(198,45): warning C4267: '+=': conversion from 'size_t' to 'int', possible loss of data
  plane.cpp
  skybox.cpp
  sphere.cpp
  stb_image.cpp
  teapot.cpp
  texture.cpp
  torus.cpp
  trianglemesh.cpp
  main.cpp
  scenebasic_uniform.cpp
LINK : warning LNK4098: defaultlib 'MSVCRTD' conflicts with use of other libs; use /NODEFAULTLIB:library
  Generating code
  Previous IPDB not found, fall back to full compilation.
  All 1397 functions were compiled because no usable IPDB/IOBJ from previous compilation was found.
  Finished generating code
glfw3.lib(context.obj) : warning LNK4099: PDB 'glfw.pdb' was not found with 'glfw3.lib(context.obj)' or at 'C:\Users\Morgan\Documents\GitHub\Comp3015-Cousework2\Project_Template\x64\Release\glfw.pdb'; linking object as if no debug info
glfw3.lib(init.obj) : warning LNK4099: PDB 'glfw.pdb' was not found with 'glfw3.lib(init.obj)' or at 'C:\Users\Morgan\Documents\GitHub\Comp3015-Cousework2\Project_Template\x64\Release\glfw.pdb'; linking object as if no debug info
glfw3.lib(input.obj) : warning LNK4099: PDB 'glfw.pdb' was not found with 'glfw3.lib(input.obj)' or at 'C:\Users\Morgan\Documents\GitHub\Comp3015-Cousework2\Project_Template\x64\Release\glfw.pdb'; linking object as if no debug info
glfw3.lib(monitor.obj) : warning LNK4099: PDB 'glfw.pdb' was not found with 'glfw3.lib(monitor.obj)' or at 'C:\Users\Morgan\Documents\GitHub\Comp3015-Cousework2\Project_Template\x64\Release\glfw.pdb'; linking object as if no debug info
glfw3.lib(vulkan.obj) : warning LNK4099: PDB 'glfw.pdb' was not found with 'glfw3.lib(vulkan.obj)' or at 'C:\Users\Morgan\Documents\GitHub\Comp3015-Cousework2\Project_Template\x64\Release\glfw.pdb'; linking object as if no debug info
glfw3.lib(window.obj) : warning LNK4099: PDB 'glfw.pdb' was not found with 'glfw3.lib(window.obj)' or at 'C:\Users\Morgan\Documents\GitHub\Comp3015-Cousework2\Project_Template\x64\Release\glfw.pdb'; linking object as if no debug info
glfw3.lib(win32_init.obj) : warning LNK4099: PDB 'glfw.pdb' was not found with 'glfw3.lib(win32_init.obj)' or at 'C:\Users\Morgan\Documents\GitHub\Comp3015-Cousework2\Project_Template\x64\Release\glfw.pdb'; linking object as if no debug info
glfw3.lib(win32_joystick.obj) : warning LNK4099: PDB 'glfw.pdb' was not found with 'glfw3.lib(win32_joystick.obj)' or at 'C:\Users\Morgan\Documents\GitHub\Comp3015-Cousework2\Project_Template\x64\Release\glfw.pdb'; linking object as if no debug info
glfw3.lib(win32_monitor.obj) : warning LNK4099: PDB 'glfw.pdb' was not found with 'glfw3.lib(win32_monitor.obj)' or at 'C:\Users\Morgan\Documents\GitHub\Comp3015-Cousework2\Project_Template\x64\Release\glfw.pdb'; linking object as if no debug info
glfw3.lib(win32_time.obj) : warning LNK4099: PDB 'glfw.pdb' was not found with 'glfw3.lib(win32_time.obj)' or at 'C:\Users\Morgan\Documents\GitHub\Comp3015-Cousework2\Project_Template\x64\Release\glfw.pdb'; linking object as if no debug info
glfw3.lib(win32_thread.obj) : warning LNK4099: PDB 'glfw.pdb' was not found with 'glfw3.lib(win32_thread.obj)' or at 'C:\Users\Morgan\Documents\GitHub\Comp3015-Cousework2\Project_Template\x64\Release\glfw.pdb'; linking object as if no debug info
glfw3.lib(win32_window.obj) : warning LNK4099: PDB 'glfw.pdb' was not found with 'glfw3.lib(win32_window.obj)' or at 'C:\Users\Morgan\Documents\GitHub\Comp3015-Cousework2\Project_Template\x64\Release\glfw.pdb'; linking object as if no debug info
glfw3.lib(wgl_context.obj) : warning LNK4099: PDB 'glfw.pdb' was not found with 'glfw3.lib(wgl_context.obj)' or at 'C:\Users\Morgan\Documents\GitHub\Comp3015-Cousework2\Project_Template\x64\Release\glfw.pdb'; linking object as if no debug info
glfw3.lib(egl_context.obj) : warning LNK4099: PDB 'glfw.pdb' was not found with 'glfw3.lib(egl_context.obj)' or at 'C:\Users\Morgan\Documents\GitHub\Comp3015-Cousework2\Project_Template\x64\Release\glfw.pdb'; linking object as if no debug info
glfw3.lib(osmesa_context.obj) : warning LNK4099: PDB 'glfw.pdb' was not found with 'glfw3.lib(osmesa_context.obj)' or at 'C:\Users\Morgan\Documents\GitHub\Comp3015-Cousework2\Project_Template\x64\Release\glfw.pdb'; linking object as if no debug info
  Project_Template.vcxproj -> C:\Users\Morgan\Documents\GitHub\Comp3015-Cousework2\Project_Template\x64\Release\TemplateBuild.exe
