c:\users\morgan\documents\github\comp3015-cousework2\project_template\x64\release\vc142.pdb
c:\users\morgan\documents\github\comp3015-cousework2\project_template\x64\release\glad.obj
c:\users\morgan\documents\github\comp3015-cousework2\project_template\x64\release\scenebasic_uniform.obj
c:\users\morgan\documents\github\comp3015-cousework2\project_template\x64\release\main.obj
c:\users\morgan\documents\github\comp3015-cousework2\project_template\x64\release\trianglemesh.obj
c:\users\morgan\documents\github\comp3015-cousework2\project_template\x64\release\torus.obj
c:\users\morgan\documents\github\comp3015-cousework2\project_template\x64\release\texture.obj
c:\users\morgan\documents\github\comp3015-cousework2\project_template\x64\release\teapot.obj
c:\users\morgan\documents\github\comp3015-cousework2\project_template\x64\release\stb_image.obj
c:\users\morgan\documents\github\comp3015-cousework2\project_template\x64\release\sphere.obj
c:\users\morgan\documents\github\comp3015-cousework2\project_template\x64\release\skybox.obj
c:\users\morgan\documents\github\comp3015-cousework2\project_template\x64\release\plane.obj
c:\users\morgan\documents\github\comp3015-cousework2\project_template\x64\release\objmesh.obj
c:\users\morgan\documents\github\comp3015-cousework2\project_template\x64\release\glutils.obj
c:\users\morgan\documents\github\comp3015-cousework2\project_template\x64\release\glslprogram.obj
c:\users\morgan\documents\github\comp3015-cousework2\project_template\x64\release\cube.obj
c:\users\morgan\documents\github\comp3015-cousework2\project_template\x64\release\templatebuild.exe
c:\users\morgan\documents\github\comp3015-cousework2\project_template\x64\release\templatebuild.pdb
c:\users\morgan\documents\github\comp3015-cousework2\project_template\x64\release\templatebuild.ipdb
c:\users\morgan\documents\github\comp3015-cousework2\project_template\x64\release\templatebuild.iobj
c:\users\morgan\documents\github\comp3015-cousework2\project_template\x64\release\templatebuild.tlog\cl.command.1.tlog
c:\users\morgan\documents\github\comp3015-cousework2\project_template\x64\release\templatebuild.tlog\cl.read.1.tlog
c:\users\morgan\documents\github\comp3015-cousework2\project_template\x64\release\templatebuild.tlog\cl.write.1.tlog
c:\users\morgan\documents\github\comp3015-cousework2\project_template\x64\release\templatebuild.tlog\link.command.1.tlog
c:\users\morgan\documents\github\comp3015-cousework2\project_template\x64\release\templatebuild.tlog\link.read.1.tlog
c:\users\morgan\documents\github\comp3015-cousework2\project_template\x64\release\templatebuild.tlog\link.write.1.tlog
c:\users\morgan\documents\github\comp3015-cousework2\project_template\x64\release\templatebuild.tlog\templatebuild.write.1u.tlog
