c:\users\morgan\documents\github\3015labs\project_template_diffuse\project_template_diffuse\project_template\x64\debug\vc142.pdb
c:\users\morgan\documents\github\3015labs\project_template_diffuse\project_template_diffuse\project_template\x64\debug\vc142.idb
c:\users\morgan\documents\github\3015labs\project_template_diffuse\project_template_diffuse\project_template\x64\debug\glad.obj
c:\users\morgan\documents\github\3015labs\project_template_diffuse\project_template_diffuse\project_template\x64\debug\scenebasic_uniform.obj
c:\users\morgan\documents\github\3015labs\project_template_diffuse\project_template_diffuse\project_template\x64\debug\main.obj
c:\users\morgan\documents\github\3015labs\project_template_diffuse\project_template_diffuse\project_template\x64\debug\trianglemesh.obj
c:\users\morgan\documents\github\3015labs\project_template_diffuse\project_template_diffuse\project_template\x64\debug\torus.obj
c:\users\morgan\documents\github\3015labs\project_template_diffuse\project_template_diffuse\project_template\x64\debug\texture.obj
c:\users\morgan\documents\github\3015labs\project_template_diffuse\project_template_diffuse\project_template\x64\debug\teapot.obj
c:\users\morgan\documents\github\3015labs\project_template_diffuse\project_template_diffuse\project_template\x64\debug\stb_image.obj
c:\users\morgan\documents\github\3015labs\project_template_diffuse\project_template_diffuse\project_template\x64\debug\sphere.obj
c:\users\morgan\documents\github\3015labs\project_template_diffuse\project_template_diffuse\project_template\x64\debug\skybox.obj
c:\users\morgan\documents\github\3015labs\project_template_diffuse\project_template_diffuse\project_template\x64\debug\plane.obj
c:\users\morgan\documents\github\3015labs\project_template_diffuse\project_template_diffuse\project_template\x64\debug\objmesh.obj
c:\users\morgan\documents\github\3015labs\project_template_diffuse\project_template_diffuse\project_template\x64\debug\glutils.obj
c:\users\morgan\documents\github\3015labs\project_template_diffuse\project_template_diffuse\project_template\x64\debug\glslprogram.obj
c:\users\morgan\documents\github\3015labs\project_template_diffuse\project_template_diffuse\project_template\x64\debug\cube.obj
c:\users\morgan\documents\github\comp3015-cousework2\project_template\x64\debug\vc142.pdb
c:\users\morgan\documents\github\comp3015-cousework2\project_template\x64\debug\vc142.idb
c:\users\morgan\documents\github\comp3015-cousework2\project_template\x64\debug\glad.obj
c:\users\morgan\documents\github\comp3015-cousework2\project_template\x64\debug\scenebasic_uniform.obj
c:\users\morgan\documents\github\comp3015-cousework2\project_template\x64\debug\main.obj
c:\users\morgan\documents\github\comp3015-cousework2\project_template\x64\debug\trianglemesh.obj
c:\users\morgan\documents\github\comp3015-cousework2\project_template\x64\debug\torus.obj
c:\users\morgan\documents\github\comp3015-cousework2\project_template\x64\debug\texture.obj
c:\users\morgan\documents\github\comp3015-cousework2\project_template\x64\debug\teapot.obj
c:\users\morgan\documents\github\comp3015-cousework2\project_template\x64\debug\stb_image.obj
c:\users\morgan\documents\github\comp3015-cousework2\project_template\x64\debug\sphere.obj
c:\users\morgan\documents\github\comp3015-cousework2\project_template\x64\debug\skybox.obj
c:\users\morgan\documents\github\comp3015-cousework2\project_template\x64\debug\plane.obj
c:\users\morgan\documents\github\comp3015-cousework2\project_template\x64\debug\objmesh.obj
c:\users\morgan\documents\github\comp3015-cousework2\project_template\x64\debug\glutils.obj
c:\users\morgan\documents\github\comp3015-cousework2\project_template\x64\debug\glslprogram.obj
c:\users\morgan\documents\github\comp3015-cousework2\project_template\x64\debug\cube.obj
c:\users\morgan\documents\github\3015labs\project_template_diffuse\project_template_diffuse\project_template\x64\debug\templatebuild.exe
c:\users\morgan\documents\github\3015labs\project_template_diffuse\project_template_diffuse\project_template\x64\debug\templatebuild.ilk
c:\users\morgan\documents\github\3015labs\project_template_diffuse\project_template_diffuse\project_template\x64\debug\templatebuild.pdb
c:\users\morgan\documents\github\comp3015-cousework2\project_template\x64\debug\templatebuild.exe
c:\users\morgan\documents\github\comp3015-cousework2\project_template\x64\debug\templatebuild.ilk
c:\users\morgan\documents\github\comp3015-cousework2\project_template\x64\debug\templatebuild.pdb
c:\users\morgan\documents\github\comp3015-cousework2\project_template\x64\debug\project_template.ilk
c:\users\morgan\documents\github\comp3015-cousework2\project_template\x64\debug\templatebuild.tlog\cl.command.1.tlog
c:\users\morgan\documents\github\comp3015-cousework2\project_template\x64\debug\templatebuild.tlog\cl.read.1.tlog
c:\users\morgan\documents\github\comp3015-cousework2\project_template\x64\debug\templatebuild.tlog\cl.write.1.tlog
c:\users\morgan\documents\github\comp3015-cousework2\project_template\x64\debug\templatebuild.tlog\link.command.1.tlog
c:\users\morgan\documents\github\comp3015-cousework2\project_template\x64\debug\templatebuild.tlog\link.read.1.tlog
c:\users\morgan\documents\github\comp3015-cousework2\project_template\x64\debug\templatebuild.tlog\link.write.1.tlog
